C:\wamp\www\ps1780/img/logo.png|2022-05-26 06:05:31
cid:644a88b59ee2c50050913edc7ac04aa1@localhost|2022-05-26 06:05:31
C:\wamp\www\ps1780/img/logo.png|2022-05-26 06:20:28
cid:5f68226a975b78318b67b23877d453bc@localhost|2022-05-26 06:20:28
/var/www/vhosts/bizakshop.com/dev.bizakshop.com/img/bizak-logo_mail-1599557961.jpg|2022-06-16 16:18:32
cid:aeeb69d2156982da6d90c559f0f1e6f8@dev.bizakshop.com|2022-06-16 16:18:32
/var/www/vhosts/bizakshop.com/dev.bizakshop.com/img/bizak-logo_mail-1599557961.jpg|2022-06-16 16:26:43
cid:e710a397f796dcec29ce9dad9d78b0ac@dev.bizakshop.com|2022-06-16 16:26:43
/var/www/vhosts/bizakshop.com/dev.bizakshop.com/img/bizak-logo_mail-1599557961.jpg|2022-06-16 16:27:06
cid:37fa5c8c841f959e2d9213ca60d686be@dev.bizakshop.com|2022-06-16 16:27:06
/var/www/vhosts/bizakshop.com/dev.bizakshop.com/img/bizak-logo_mail-1599557961.jpg|2022-06-16 16:33:46
cid:6cc030c146b1a09ca3784d99aae2b208@dev.bizakshop.com|2022-06-16 16:33:46
/var/www/vhosts/bizakshop.com/dev.bizakshop.com/img/bizak-logo_mail-1599557961.jpg|2022-06-17 12:21:39
cid:51176fda786dd1fb554f81ba187535d4@dev.bizakshop.com|2022-06-17 12:21:39
/var/www/vhosts/bizakshop.com/dev.bizakshop.com/img/bizak-logo_mail-1599557961.jpg|2022-06-17 12:21:47
cid:da8d9481b85e090073cde2ecadd37bb9@dev.bizakshop.com|2022-06-17 12:21:47
/var/www/vhosts/bizakshop.com/dev.bizakshop.com/img/bizak-logo_mail-1599557961.jpg|2022-06-17 12:22:47
cid:851a5ccfe00d6feec27fe2e9108ef974@dev.bizakshop.com|2022-06-17 12:22:47
/var/www/vhosts/bizakshop.com/dev.bizakshop.com/img/bizak-logo_mail-1599557961.jpg|2022-06-17 12:23:14
cid:496d69a5a2b954124d8b627804e5d76e@dev.bizakshop.com|2022-06-17 12:23:14
/var/www/vhosts/bizakshop.com/dev.bizakshop.com/img/bizak-logo_mail-1599557961.jpg|2022-06-17 12:23:47
cid:ff0ed7d5b76b764ab08c7803c10ca796@dev.bizakshop.com|2022-06-17 12:23:47
/var/www/vhosts/bizakshop.com/dev.bizakshop.com/img/bizak-logo_mail-1599557961.jpg|2022-06-17 12:49:25
cid:418a51737f9ffcdac4e31875084e98dd@dev.bizakshop.com|2022-06-17 12:49:25
/var/www/vhosts/bizakshop.com/dev.bizakshop.com/img/bizak-logo_mail-1599557961.jpg|2022-06-17 12:49:27
cid:1008699d9fc5c4d66c91d9e0e99dd92c@dev.bizakshop.com|2022-06-17 12:49:27
/var/www/vhosts/bizakshop.com/dev.bizakshop.com/img/bizak-logo_mail-1599557961.jpg|2022-06-17 12:49:28
cid:a7cdee558038e8e2a56a5f583cd3b9c4@dev.bizakshop.com|2022-06-17 12:49:28
/var/www/vhosts/bizakshop.com/dev.bizakshop.com/img/bizak-logo_mail-1599557961.jpg|2022-06-17 12:49:29
cid:7553529179f457ebf7a0a90332d25655@dev.bizakshop.com|2022-06-17 12:49:29
/var/www/vhosts/bizakshop.com/dev.bizakshop.com/img/bizak-logo_mail-1599557961.jpg|2022-06-17 13:27:02
cid:9254112d5345a62923d6797691e5005a@dev.bizakshop.com|2022-06-17 13:27:02
/var/www/vhosts/bizakshop.com/dev.bizakshop.com/img/bizak-logo_mail-1599557961.jpg|2022-06-20 13:27:19
cid:6904369078ebfa706491b75733abe93e@dev.bizakshop.com|2022-06-20 13:27:19
/var/www/vhosts/bizakshop.com/dev.bizakshop.com/img/bizak-logo_mail-1599557961.jpg|2022-06-20 20:46:18
cid:8e1aafcd42662e46777f0b50d37202e2@dev.bizakshop.com|2022-06-20 20:46:18
/var/www/vhosts/bizakshop.com/dev.bizakshop.com/img/bizak-logo_mail-1599557961.jpg|2022-06-20 20:49:31
cid:31a5691bccf51f1c8359aab5add218b9@dev.bizakshop.com|2022-06-20 20:49:31
/var/www/vhosts/bizakshop.com/dev.bizakshop.com/img/bizak-logo_mail-1599557961.jpg|2022-06-20 20:51:55
cid:b1725084e919503d2edda98c3ba5998c@dev.bizakshop.com|2022-06-20 20:51:55
/var/www/vhosts/bizakshop.com/dev.bizakshop.com/img/bizak-logo_mail-1599557961.jpg|2022-06-20 20:58:55
cid:61b6f294ff0679f7601772c07d9ebb08@dev.bizakshop.com|2022-06-20 20:58:55
/var/www/vhosts/bizakshop.com/dev.bizakshop.com/img/bizak-logo_mail-1599557961.jpg|2022-06-20 21:03:43
cid:1abd96251dfa26bac0c37ac700289534@dev.bizakshop.com|2022-06-20 21:03:43
/var/www/vhosts/bizakshop.com/dev.bizakshop.com/img/bizak-logo_mail-1599557961.jpg|2022-06-20 21:05:09
cid:adda2356ff392df10a0a87ed54bc8f99@dev.bizakshop.com|2022-06-20 21:05:09
/var/www/vhosts/bizakshop.com/dev.bizakshop.com/img/bizak-logo_mail-1599557961.jpg|2022-06-20 21:26:22
cid:a190b29415a589a46cc8cba69f40f6b2@dev.bizakshop.com|2022-06-20 21:26:22
/var/www/vhosts/bizakshop.com/dev.bizakshop.com/img/bizak-logo_mail-1599557961.jpg|2022-06-21 12:50:39
cid:25a66de1ce897c598023b8d56e2ac298@dev.bizakshop.com|2022-06-21 12:50:39
/var/www/vhosts/bizakshop.com/dev.bizakshop.com/img/bizak-logo_mail-1599557961.jpg|2022-06-21 12:56:18
cid:21e8e5a80226b347c2465d1aea72a0f3@dev.bizakshop.com|2022-06-21 12:56:18
/var/www/vhosts/bizakshop.com/dev.bizakshop.com/img/bizak-logo_mail-1599557961.jpg|2022-06-21 13:36:47
cid:366acb5d66d4cead64426dfe798ca213@dev.bizakshop.com|2022-06-21 13:36:47
/var/www/vhosts/bizakshop.com/dev.bizakshop.com/img/bizak-logo_mail-1599557961.jpg|2022-06-21 16:34:57
cid:ae39c7c7775db58038ff7343c34d4d95@dev.bizakshop.com|2022-06-21 16:34:57
/var/www/vhosts/bizakshop.com/dev.bizakshop.com/img/bizak-logo_mail-1599557961.jpg|2022-06-21 16:42:18
cid:a4b5279d2f59b9c8076fbfdcc6ad5529@dev.bizakshop.com|2022-06-21 16:42:18
/var/www/vhosts/bizakshop.com/dev.bizakshop.com/img/bizak-logo_mail-1599557961.jpg|2022-06-22 10:59:52
cid:afaeb0259ecef1075618f2681efe088e@dev.bizakshop.com|2022-06-22 10:59:52
/var/www/vhosts/bizakshop.com/dev.bizakshop.com/img/bizak-logo_mail-1599557961.jpg|2022-06-22 11:00:47
cid:26af0fc5f0309457bb52cdd52334ebb7@dev.bizakshop.com|2022-06-22 11:00:47
/var/www/vhosts/bizakshop.com/dev.bizakshop.com/img/bizak-logo_mail-1599557961.jpg|2022-06-22 11:01:49
cid:e8de75707b5b433b0743d2876dac7131@dev.bizakshop.com|2022-06-22 11:01:49
/var/www/vhosts/bizakshop.com/dev.bizakshop.com/img/bizak-logo_mail-1599557961.jpg|2022-06-22 11:03:35
cid:1a1a9ca82deaef2e3870d5300a0885b8@dev.bizakshop.com|2022-06-22 11:03:35
/var/www/vhosts/bizakshop.com/dev.bizakshop.com/img/bizak-logo_mail-1599557961.jpg|2022-06-22 11:13:00
cid:b3d6a911d0c4eefe58d2c4970e12dccd@dev.bizakshop.com|2022-06-22 11:13:00
/var/www/vhosts/bizakshop.com/dev.bizakshop.com/img/bizak-logo_mail-1599557961.jpg|2022-06-22 11:13:53
cid:1a03b111c532d7852fb2ec7d2d2e1885@dev.bizakshop.com|2022-06-22 11:13:53
/var/www/vhosts/bizakshop.com/dev.bizakshop.com/img/bizak-logo_mail-1599557961.jpg|2022-06-22 11:41:51
cid:abc7f418f324140151af999116ebc5ab@dev.bizakshop.com|2022-06-22 11:41:51
/var/www/vhosts/bizakshop.com/dev.bizakshop.com/img/bizak-logo_mail-1599557961.jpg|2022-06-22 11:41:53
cid:f9bbbe9a4f13280402ffeca14f845f54@dev.bizakshop.com|2022-06-22 11:41:53
/var/www/vhosts/bizakshop.com/dev.bizakshop.com/img/bizak-logo_mail-1599557961.jpg|2022-06-22 12:44:24
cid:2543b81c7808962f116a1eaef431d4fd@dev.bizakshop.com|2022-06-22 12:44:24
/var/www/vhosts/bizakshop.com/dev.bizakshop.com/img/bizak-logo_mail-1599557961.jpg|2022-06-27 08:32:18
cid:60888d9e77547d5a65e2946649924d78@dev.bizakshop.com|2022-06-27 08:32:18
/var/www/vhosts/bizakshop.com/dev.bizakshop.com/img/bizak-logo_mail-1599557961.jpg|2022-06-27 10:11:23
cid:51779154ac8db9f78ca53efe771f2ddd@dev.bizakshop.com|2022-06-27 10:11:23
/var/www/vhosts/bizakshop.com/dev.bizakshop.com/img/bizak-logo_mail-1599557961.jpg|2022-06-27 10:11:25
cid:71113d83feedbe2537d3104da2d51991@dev.bizakshop.com|2022-06-27 10:11:25
/var/www/vhosts/bizakshop.com/dev.bizakshop.com/img/bizak-logo_mail-1599557961.jpg|2022-06-29 14:52:09
cid:e4aaa64e25a62036619dd89bd7a2f30f@dev.bizakshop.com|2022-06-29 14:52:09
/var/www/vhosts/bizakshop.com/dev.bizakshop.com/img/bizak-logo_mail-1599557961.jpg|2022-06-29 18:40:20
cid:4eb4a74ab94b5f90029bf7469e5e633a@dev.bizakshop.com|2022-06-29 18:40:20
/var/www/vhosts/bizakshop.com/dev.bizakshop.com/img/bizak-logo_mail-1599557961.jpg|2022-06-29 18:40:27
cid:c2da69ac612c509506efed09083933b7@dev.bizakshop.com|2022-06-29 18:40:27
/var/www/vhosts/bizakshop.com/dev.bizakshop.com/img/bizak-logo_mail-1599557961.jpg|2022-06-30 10:54:30
cid:94d79206abbc8614ed43708024f5dfda@dev.bizakshop.com|2022-06-30 10:54:30
/var/www/vhosts/bizakshop.com/dev.bizakshop.com/img/bizak-logo_mail-1599557961.jpg|2022-06-30 11:04:02
cid:a87ef3b86233a7502184d8e23f2fe2a1@dev.bizakshop.com|2022-06-30 11:04:02
/var/www/vhosts/bizakshop.com/dev.bizakshop.com/img/bizak-logo_mail-1599557961.jpg|2022-06-30 11:31:02
cid:bbf6279fe2b9947e20d1c2e559645bc9@dev.bizakshop.com|2022-06-30 11:31:02
/var/www/vhosts/bizakshop.com/dev.bizakshop.com/img/bizak-logo_mail-1599557961.jpg|2022-06-30 12:21:02
cid:c5b13807dc21ee5ba672e493ef9084a6@dev.bizakshop.com|2022-06-30 12:21:02
/var/www/vhosts/bizakshop.com/dev.bizakshop.com/img/bizak-logo_mail-1599557961.jpg|2022-06-30 12:21:33
cid:32bc33a63b20ff5e5b02701ac1e6505b@dev.bizakshop.com|2022-06-30 12:21:33
/var/www/vhosts/bizakshop.com/dev.bizakshop.com/img/bizak-logo_mail-1599557961.jpg|2022-06-30 12:26:09
cid:bceb3b09c3e71a974ab661884b0cdf69@dev.bizakshop.com|2022-06-30 12:26:09
/var/www/vhosts/bizakshop.com/dev.bizakshop.com/img/bizak-logo_mail-1599557961.jpg|2022-06-30 12:32:09
cid:b00909a19813fce8e8942e741c1671f3@dev.bizakshop.com|2022-06-30 12:32:09
/var/www/vhosts/bizakshop.com/dev.bizakshop.com/img/bizak-logo_mail-1599557961.jpg|2022-07-01 03:04:24
cid:7b084e907777cd268dd4840eba95b4bc@dev.bizakshop.com|2022-07-01 03:04:24
/var/www/vhosts/bizakshop.com/dev.bizakshop.com/img/bizak-logo_mail-1599557961.jpg|2022-07-01 03:17:58
cid:bdf182e10986c197541a3c18b0d2f43e@dev.bizakshop.com|2022-07-01 03:17:58
/var/www/vhosts/bizakshop.com/dev.bizakshop.com/img/bizak-logo_mail-1599557961.jpg|2022-07-04 12:27:01
cid:acc2032f67a9f09f8cf0c2110c1df8fc@dev.bizakshop.com|2022-07-04 12:27:01
/var/www/vhosts/bizakshop.com/dev.bizakshop.com/img/bizak-logo_mail-1599557961.jpg|2022-07-04 12:55:02
cid:293c04785bb7218d6b36e41f3fd49642@dev.bizakshop.com|2022-07-04 12:55:02
/var/www/vhosts/bizakshop.com/dev.bizakshop.com/img/bizak-logo_mail-1599557961.jpg|2022-07-07 13:08:01
cid:cf840df4937f21c3bc7c0bfc707bee61@dev.bizakshop.com|2022-07-07 13:08:01
/var/www/vhosts/bizakshop.com/dev.bizakshop.com/img/bizak-logo_mail-1599557961.jpg|2022-07-07 13:19:01
cid:551a27b4b7ee267343e2d62d9a896c2d@dev.bizakshop.com|2022-07-07 13:19:01
/var/www/vhosts/bizakshop.com/dev.bizakshop.com/img/bizak-logo_mail-1599557961.jpg|2022-07-07 13:20:02
cid:a0923088d52fd7278a9ec47851715118@dev.bizakshop.com|2022-07-07 13:20:02
/var/www/vhosts/bizakshop.com/dev.bizakshop.com/img/bizak-logo_mail-1599557961.jpg|2022-07-08 17:20:04
cid:8879200004a101a320ad667ff246b024@dev.bizakshop.com|2022-07-08 17:20:04
/var/www/vhosts/bizakshop.com/dev.bizakshop.com/img/bizak-logo_mail-1599557961.jpg|2022-07-08 17:27:02
cid:1e298e74e79a48c1aaf6acdaa283c899@dev.bizakshop.com|2022-07-08 17:27:02
/var/www/vhosts/bizakshop.com/dev.bizakshop.com/img/bizak-logo_mail-1599557961.jpg|2022-07-11 10:21:01
cid:724db32f2849ce5244d3511a0d2a92a9@dev.bizakshop.com|2022-07-11 10:21:01
/var/www/vhosts/bizakshop.com/dev.bizakshop.com/img/bizak-logo_mail-1599557961.jpg|2022-07-11 12:31:06
cid:31202c4110f49cb165c10c69a43278ad@dev.bizakshop.com|2022-07-11 12:31:06
/var/www/vhosts/bizakshop.com/dev.bizakshop.com/img/bizak-logo_mail-1599557961.jpg|2022-07-11 12:31:29
cid:2d1a1472652a272142d4f822c0e89b51@dev.bizakshop.com|2022-07-11 12:31:29
/var/www/vhosts/bizakshop.com/dev.bizakshop.com/img/bizak-logo_mail-1599557961.jpg|2022-07-11 12:33:03
cid:0b66b6dec63d2a1d9b9016ca92cd7837@dev.bizakshop.com|2022-07-11 12:33:03
/var/www/vhosts/bizakshop.com/dev.bizakshop.com/img/bizak-logo_mail-1599557961.jpg|2022-07-11 12:54:04
cid:6439fecc80e3e81221cc9913d782e216@dev.bizakshop.com|2022-07-11 12:54:04
/var/www/vhosts/bizakshop.com/dev.bizakshop.com/img/bizak-logo_mail-1599557961.jpg|2022-07-11 12:55:35
cid:ff4e6c7d1f20f74d817dfd974cd01e96@dev.bizakshop.com|2022-07-11 12:55:35
/var/www/vhosts/bizakshop.com/dev.bizakshop.com/img/bizak-logo_mail-1599557961.jpg|2022-07-11 12:57:05
cid:fd8b07359af343abcdeb3de9001a77d4@dev.bizakshop.com|2022-07-11 12:57:05
/var/www/vhosts/bizakshop.com/dev.bizakshop.com/img/bizak-logo_mail-1599557961.jpg|2022-07-11 13:05:33
cid:61a3c11439af7c3d05fa9d092d87f78f@dev.bizakshop.com|2022-07-11 13:05:33
/var/www/vhosts/bizakshop.com/dev.bizakshop.com/img/bizak-logo_mail-1599557961.jpg|2022-07-11 13:17:21
cid:6e6d241156ed0f8d85fc71c76c5d26d2@dev.bizakshop.com|2022-07-11 13:17:21
/var/www/vhosts/bizakshop.com/dev.bizakshop.com/img/bizak-logo_mail-1599557961.jpg|2022-07-14 12:42:21
cid:8877fc18312ae3b698feeaac270c02a4@dev.bizakshop.com|2022-07-14 12:42:21
/var/www/vhosts/bizakshop.com/dev.bizakshop.com/img/bizak-logo_mail-1599557961.jpg|2022-07-14 12:42:54
cid:daa9d67973167018d0076a21f0b4b1a5@dev.bizakshop.com|2022-07-14 12:42:54
/var/www/vhosts/bizakshop.com/dev.bizakshop.com/img/bizak-logo_mail-1599557961.jpg|2022-07-14 13:02:02
cid:51d18d33ee47b42879ebbf2e641ece1d@dev.bizakshop.com|2022-07-14 13:02:02
/var/www/vhosts/bizakshop.com/dev.bizakshop.com/img/bizak-logo_mail-1599557961.jpg|2022-07-14 13:04:01
cid:ed4eab5af43cf1aec7e98ca24e0f5e6d@dev.bizakshop.com|2022-07-14 13:04:01
/var/www/vhosts/bizakshop.com/httpdocs/img/bizak-logo_mail-1599557961.jpg|2022-07-21 04:19:13
cid:e08306fa2528bf8b78dfd53fb3b53c61@bizakshop.com|2022-07-21 04:19:13
/var/www/vhosts/bizakshop.com/httpdocs/img/bizak-logo_mail-1599557961.jpg|2022-07-21 06:01:03
cid:d5087aa7e0346bc5d2a10fb0175ebcad@bizakshop.com|2022-07-21 06:01:03
/var/www/vhosts/bizakshop.com/httpdocs/img/bizak-logo_mail-1599557961.jpg|2022-07-22 05:01:03
cid:7fa988fe9e5bf68fd60587c26b53afeb@bizakshop.com|2022-07-22 05:01:03
/var/www/vhosts/bizakshop.com/httpdocs/img/bizak-logo_mail-1599557961.jpg|2022-07-22 16:01:02
cid:5d6d641dd2fff3054940e432656ce9e2@bizakshop.com|2022-07-22 16:01:02
/var/www/vhosts/bizakshop.com/httpdocs/img/bizak-logo_mail-1599557961.jpg|2022-07-24 22:01:03
cid:c22794db102147e721b2a64e22c72436@bizakshop.com|2022-07-24 22:01:03
/var/www/vhosts/bizakshop.com/httpdocs/img/bizak-logo_mail-1599557961.jpg|2022-07-24 22:01:05
cid:14d84c2b03af8cf5d3cbb0454355c0e3@bizakshop.com|2022-07-24 22:01:05
/var/www/vhosts/bizakshop.com/httpdocs/img/bizak-logo_mail-1599557961.jpg|2022-07-26 18:01:04
cid:bd78a7b74b3924cb993eda53f6f73033@bizakshop.com|2022-07-26 18:01:04
/var/www/vhosts/bizakshop.com/httpdocs/img/bizak-logo_mail-1599557961.jpg|2022-07-28 04:01:16
cid:43fc93a713e527e4dbaea29ccb79dff9@bizakshop.com|2022-07-28 04:01:16
/var/www/vhosts/bizakshop.com/httpdocs/img/bizak-logo_mail-1599557961.jpg|2022-07-29 00:01:03
cid:9a66ef21b8eab0d889aa254ab7b60295@bizakshop.com|2022-07-29 00:01:03
/var/www/vhosts/bizakshop.com/httpdocs/img/bizak-logo_mail-1599557961.jpg|2022-07-30 10:01:02
cid:37e2b08e9075f2cd63a63bfd47a2001c@bizakshop.com|2022-07-30 10:01:02
/var/www/vhosts/bizakshop.com/httpdocs/img/bizak-logo_mail-1599557961.jpg|2022-07-31 15:01:03
cid:e2e601b8d468462dd94dc428bb783195@bizakshop.com|2022-07-31 15:01:03
/var/www/vhosts/bizakshop.com/httpdocs/img/bizak-logo_mail-1599557961.jpg|2022-08-01 01:01:03
cid:dc3f51e1775069cb38881022227e32cc@bizakshop.com|2022-08-01 01:01:03
/var/www/vhosts/bizakshop.com/httpdocs/img/bizak-logo_mail-1599557961.jpg|2022-08-01 03:01:03
cid:fc7b5fa6de6c71484ea92bafaa966a07@bizakshop.com|2022-08-01 03:01:03
/var/www/vhosts/bizakshop.com/httpdocs/img/bizak-logo_mail-1599557961.jpg|2022-08-02 11:01:02
cid:87de84df4c15f50de3caad4567c984c7@bizakshop.com|2022-08-02 11:01:02
/var/www/vhosts/bizakshop.com/httpdocs/img/bizak-logo_mail-1599557961.jpg|2022-08-02 13:01:03
cid:d4eb4dca2e47102cd35d157f8357d280@bizakshop.com|2022-08-02 13:01:03
/var/www/vhosts/bizakshop.com/httpdocs/img/bizak-logo_mail-1599557961.jpg|2022-08-04 16:01:04
cid:5c893cf135242e080b383a805114c3fb@bizakshop.com|2022-08-04 16:01:04
/var/www/vhosts/bizakshop.com/httpdocs/img/bizak-logo_mail-1599557961.jpg|2022-08-04 21:01:02
cid:a589dd3015f813b08a7bee0bab98d181@bizakshop.com|2022-08-04 21:01:02
/var/www/vhosts/bizakshop.com/httpdocs/img/bizak-logo_mail-1599557961.jpg|2022-08-06 02:01:03
cid:677f2b9ac314ab1aae344705b9607c5b@bizakshop.com|2022-08-06 02:01:03
/var/www/vhosts/bizakshop.com/httpdocs/img/bizak-logo_mail-1599557961.jpg|2022-08-06 07:01:03
cid:dd986a84dcbd86c511284748c957b8f2@bizakshop.com|2022-08-06 07:01:03
/var/www/vhosts/bizakshop.com/httpdocs/img/bizak-logo_mail-1599557961.jpg|2022-08-06 18:01:03
cid:e3127da851ca247a95b60d49af08b30d@bizakshop.com|2022-08-06 18:01:03
/var/www/vhosts/bizakshop.com/httpdocs/img/bizak-logo_mail-1599557961.jpg|2022-08-07 19:01:03
cid:fa37dab0e623958899a3d13c3ce11958@bizakshop.com|2022-08-07 19:01:03
/var/www/vhosts/bizakshop.com/httpdocs/img/bizak-logo_mail-1599557961.jpg|2022-08-07 19:01:05
cid:739ae725243dc27ba9f5dcb19052fa68@bizakshop.com|2022-08-07 19:01:05
/var/www/vhosts/bizakshop.com/httpdocs/img/bizak-logo_mail-1599557961.jpg|2022-08-08 04:01:11
cid:ca2fdbce6b437ecb46b374a7ff8747f7@bizakshop.com|2022-08-08 04:01:11
/var/www/vhosts/bizakshop.com/httpdocs/img/bizak-logo_mail-1599557961.jpg|2022-08-10 17:01:03
cid:be10ecd8a0185591f5d6e02c49f3f2f9@bizakshop.com|2022-08-10 17:01:03
/var/www/vhosts/bizakshop.com/httpdocs/img/bizak-logo_mail-1599557961.jpg|2022-08-11 14:01:02
cid:f531152d24fad3a0400a7bec38a1a69e@bizakshop.com|2022-08-11 14:01:02
/var/www/vhosts/bizakshop.com/httpdocs/img/bizak-logo_mail-1599557961.jpg|2022-08-11 14:01:04
cid:de18bb85e06f33ad03585cd39114037a@bizakshop.com|2022-08-11 14:01:04
/var/www/vhosts/bizakshop.com/httpdocs/img/bizak-logo_mail-1599557961.jpg|2022-08-12 03:01:03
cid:47ad447a83b832765745328799dc95f4@bizakshop.com|2022-08-12 03:01:03
/var/www/vhosts/bizakshop.com/httpdocs/img/bizak-logo_mail-1599557961.jpg|2022-08-13 00:01:03
cid:be65fbe3bacb6f3b3b3ca8db19c5a72d@bizakshop.com|2022-08-13 00:01:03
/var/www/vhosts/bizakshop.com/httpdocs/img/bizak-logo_mail-1599557961.jpg|2022-08-13 00:01:05
cid:ac9180fb795dc42787ee702524afb6d6@bizakshop.com|2022-08-13 00:01:05
/var/www/vhosts/bizakshop.com/httpdocs/img/bizak-logo_mail-1599557961.jpg|2022-08-15 17:01:03
cid:a6130ae0eba2fe86bf57c1a92e5b7dc5@bizakshop.com|2022-08-15 17:01:03
/var/www/vhosts/bizakshop.com/httpdocs/img/bizak-logo_mail-1599557961.jpg|2022-08-15 17:01:05
cid:98bc9f706a26a0c02789913c2fc448df@bizakshop.com|2022-08-15 17:01:05
/var/www/vhosts/bizakshop.com/httpdocs/img/bizak-logo_mail-1599557961.jpg|2022-08-15 18:01:02
cid:e70bd5081dfa6d97e51921d1b7e87e68@bizakshop.com|2022-08-15 18:01:02
/var/www/vhosts/bizakshop.com/httpdocs/img/bizak-logo_mail-1599557961.jpg|2022-08-16 21:01:02
cid:4fbec845bc1f06f414c5ae71d6a29874@bizakshop.com|2022-08-16 21:01:02
/var/www/vhosts/bizakshop.com/httpdocs/img/bizak-logo_mail-1599557961.jpg|2022-08-17 04:01:09
cid:1304ff9eea7b9cbb72f7c60918548413@bizakshop.com|2022-08-17 04:01:09
/var/www/vhosts/bizakshop.com/httpdocs/img/bizak-logo_mail-1599557961.jpg|2022-08-18 07:01:03
cid:8770fa1e49b82ee29760f7bc6475cdad@bizakshop.com|2022-08-18 07:01:03
/var/www/vhosts/bizakshop.com/httpdocs/img/bizak-logo_mail-1599557961.jpg|2022-08-18 13:01:03
cid:beb599ebc6c3b85de12b3e1280c93432@bizakshop.com|2022-08-18 13:01:03
/var/www/vhosts/bizakshop.com/httpdocs/img/bizak-logo_mail-1599557961.jpg|2022-08-18 13:01:05
cid:3c96651289714d9d547cc64dd2ca7a53@bizakshop.com|2022-08-18 13:01:05
/var/www/vhosts/bizakshop.com/httpdocs/img/bizak-logo_mail-1599557961.jpg|2022-08-22 20:01:03
cid:ad9ed5f3eafaa17287e519aa46d87876@bizakshop.com|2022-08-22 20:01:03
/var/www/vhosts/bizakshop.com/httpdocs/img/bizak-logo_mail-1599557961.jpg|2022-08-22 20:01:05
cid:13025aeac4504bdc432ec29dfaf59679@bizakshop.com|2022-08-22 20:01:05
/var/www/vhosts/bizakshop.com/httpdocs/img/bizak-logo_mail-1599557961.jpg|2022-08-28 17:01:03
cid:46cf8c89e259d901c8e819d88ff169db@bizakshop.com|2022-08-28 17:01:03
/var/www/vhosts/bizakshop.com/httpdocs/img/bizak-logo_mail-1599557961.jpg|2022-08-29 01:01:04
cid:43a6555e0c3edf2f5b27db04cf00e92d@bizakshop.com|2022-08-29 01:01:04
/var/www/vhosts/bizakshop.com/httpdocs/img/bizak-logo_mail-1599557961.jpg|2022-08-29 05:01:03
cid:ac9ee973fea0fe964a19ccb647df09b6@bizakshop.com|2022-08-29 05:01:03
/var/www/vhosts/bizakshop.com/httpdocs/img/bizak-logo_mail-1599557961.jpg|2022-08-29 10:01:02
cid:3d282b9919cb8c1a26ca80e89f364029@bizakshop.com|2022-08-29 10:01:02
/var/www/vhosts/bizakshop.com/httpdocs/img/bizak-logo_mail-1599557961.jpg|2022-08-29 10:01:04
cid:50d02f9a21ddfb8a9332aea3ae8a9d3f@bizakshop.com|2022-08-29 10:01:04
